NOTE: PROCEDURE PRINTTO used (Total process time):
      real time           0.00 seconds
      cpu time            0.01 seconds
      

Traverser: Traverser invoked.  MPCONNECT command is !sascmdv -nosyntaxcheck -noasynchio -noobjectserver. 
Traverser: Beginning flow traversal 
12218      data _null_;
MPRINT(EM_DIAGRAM):    data _null_;
12219      file emwipmsg;
MPRINT(EM_DIAGRAM):   file emwipmsg;
12220      put '<Node Id="Ids" Event="Update" Pid="" Gridid=""/>';
MPRINT(EM_DIAGRAM):   put '<Node Id="Ids" Event="Update" Pid="" Gridid=""/>';
12221      run;
MPRINT(EM_DIAGRAM):   run;

NOTE: The file EMWIPMSG is:
      Local Host Name=Dell,
      Local Host IP addr=fe80::b185:4fb2:7410:6b7a%7,
      Peer Hostname Name=Dell,Peer IP addr=127.0.0.1,
      Peer Name=N/A,Peer Portno=61499,Lrecl=32767,
      Recfm=Variable

NOTE: 1 record was written to the file EMWIPMSG.
      The minimum record length was 48.
      The maximum record length was 48.
NOTE: DATA statement used (Total process time):
      real time           0.01 seconds
      cpu time            0.00 seconds
      

12222      %let emloopmode =;
*------------------------------------------------------------* 
* 
* Ids : Beginning update before running 
* datetime : 14JUN2017:14:38:52 
* 
*------------------------------------------------------------* 
MPRINT(EM_DIAGRAM):     filename _emtool_ 'E:\uncc_Surbhi\SUMMER17\ABA\Project\ClientManagement\HireHeroesPredictive\Workspaces\EMWS1\Ids\PROPERTIES.xml' encoding="UTF-8" NOBOM;
12224      %let _HPDMGRIDHOST=;
12225      %let _HPDMGRIDINSTALLLOC=;
12226      %let _HPDMGRIDDATASERVER=;
12227      %hpdm_gridSetOPtions;
MPRINT(EM_DIAGRAM):   
MPRINT(HPDM_GRIDSETOPTIONS):   data _null_;
MPRINT(HPDM_GRIDSETOPTIONS):   length optionString string $2000;
MPRINT(HPDM_GRIDSETOPTIONS):   optionString = reverse(getoption('SET'));
MPRINT(HPDM_GRIDSETOPTIONS):   index = index(optionString, reverse('GRIDHOST'));
MPRINT(HPDM_GRIDSETOPTIONS):   if index then do;
MPRINT(HPDM_GRIDSETOPTIONS):   string = reverse(substr(optionString, 1, index-4));
MPRINT(HPDM_GRIDSETOPTIONS):   host = '"'!!strip(tranwrd(scan(string, 1, ']'), '"', ''))!!'"';
MPRINT(HPDM_GRIDSETOPTIONS):   call symput('_HPDMGRIDHOST', strip(host));
MPRINT(HPDM_GRIDSETOPTIONS):   end;
MPRINT(HPDM_GRIDSETOPTIONS):   index = index(optionString, reverse('GRIDINSTALLLOC'));
MPRINT(HPDM_GRIDSETOPTIONS):   if index then do;
MPRINT(HPDM_GRIDSETOPTIONS):   string = reverse(substr(optionString, 1, index-4));
MPRINT(HPDM_GRIDSETOPTIONS):   install = '"'!!strip(tranwrd(scan(string, 1, ']'), '"', ''))!!'"';
MPRINT(HPDM_GRIDSETOPTIONS):   call symput('_HPDMGRIDINSTALLLOC', strip(install));
MPRINT(HPDM_GRIDSETOPTIONS):   end;
MPRINT(HPDM_GRIDSETOPTIONS):   index = index(optionString, reverse('GRIDDATASERVER'));
MPRINT(HPDM_GRIDSETOPTIONS):   if index then do;
MPRINT(HPDM_GRIDSETOPTIONS):   string = reverse(substr(optionString, 1, index-4));
MPRINT(HPDM_GRIDSETOPTIONS):   server = '"'!!strip(tranwrd(scan(string, 1, ']'), '"', ''))!!'"';
MPRINT(HPDM_GRIDSETOPTIONS):   call symput('_HPDMGRIDDATASERVER', strip(server));
MPRINT(HPDM_GRIDSETOPTIONS):   end;
MPRINT(HPDM_GRIDSETOPTIONS):   run;

NOTE: DATA statement used (Total process time):
      real time           0.01 seconds
      cpu time            0.01 seconds
      

MPRINT(EM_DIAGRAM):  ;

*------------------------------------------------------------* 
* 
* Ids : End update 
* datetime : 14JUN2017:14:38:53 
* 
*------------------------------------------------------------* 
12228      %let _emdsep = \;
12229      %em_getactionstatus(emlib =EMWS1, nodeid=Ids);
MPRINT(EM_DIAGRAM):   
MPRINT(EM_GETACTIONSTATUS):   proc display c=sashelp.emutil.getactionstatus.scl;
MPRINT(EM_GETACTIONSTATUS):   run;

12230      %let em_Train = N;
12231      %let em_Score = N;
12232      %let em_Report = N;
12233      %let em_Run = N;
NOTE: PROCEDURE DISPLAY used (Total process time):
      real time           0.01 seconds
      cpu time            0.01 seconds
      

MPRINT(EM_GETACTIONSTATUS):   
MPRINT(EM_DIAGRAM):  ;

12234      data _null_;
MPRINT(EM_DIAGRAM):    data _null_;
12235      file emwipmsg;
MPRINT(EM_DIAGRAM):   file emwipmsg;
12236      put '<Node Id="Ids" Event="Complete" Pid="" Gridid=""/>';
MPRINT(EM_DIAGRAM):   put '<Node Id="Ids" Event="Complete" Pid="" Gridid=""/>';
12237      run;
MPRINT(EM_DIAGRAM):   run;

NOTE: The file EMWIPMSG is:
      Local Host Name=Dell,
      Local Host IP addr=fe80::b185:4fb2:7410:6b7a%7,
      Peer Hostname Name=Dell,Peer IP addr=127.0.0.1,
      Peer Name=N/A,Peer Portno=61499,Lrecl=32767,
      Recfm=Variable

NOTE: 1 record was written to the file EMWIPMSG.
      The minimum record length was 50.
      The maximum record length was 50.
NOTE: DATA statement used (Total process time):
      real time           0.01 seconds
      cpu time            0.01 seconds
      

12238      data _null_;
MPRINT(EM_DIAGRAM):    data _null_;
12239      run;
MPRINT(EM_DIAGRAM):   run;

NOTE: DATA statement used (Total process time):
      real time           0.01 seconds
      cpu time            0.01 seconds
      

Node "Ids" is up to date and doesn't need to run. 
Traverser: WaitingNode "IMPT" 
traverser_readyNode_note 
12240      data _null_;
MPRINT(EM_DIAGRAM):    data _null_;
12241      file emwipmsg;
MPRINT(EM_DIAGRAM):   file emwipmsg;
12242      put '<Node Id="Part" Event="Update" Pid="" Gridid=""/>';
MPRINT(EM_DIAGRAM):   put '<Node Id="Part" Event="Update" Pid="" Gridid=""/>';
12243      run;
MPRINT(EM_DIAGRAM):   run;

NOTE: The file EMWIPMSG is:
      Local Host Name=Dell,
      Local Host IP addr=fe80::b185:4fb2:7410:6b7a%7,
      Peer Hostname Name=Dell,Peer IP addr=127.0.0.1,
      Peer Name=N/A,Peer Portno=61499,Lrecl=32767,
      Recfm=Variable

NOTE: 1 record was written to the file EMWIPMSG.
      The minimum record length was 49.
      The maximum record length was 49.
NOTE: DATA statement used (Total process time):
      real time           0.01 seconds
      cpu time            0.01 seconds
      

12244      %let emloopmode =;
*------------------------------------------------------------* 
* 
* Part : Beginning update before running 
* datetime : 14JUN2017:14:38:53 
* 
*------------------------------------------------------------* 
MPRINT(EM_DIAGRAM):     data WORK.Part_FILTERSET;
MPRINT(EM_DIAGRAM):   length PORT $32 USE $1;
MPRINT(EM_DIAGRAM):   DROP DELTACODE APPLYDELTA APPLYSCORE IMPORTPORT;
MPRINT(EM_DIAGRAM):   set EMWS1.Ids_exportSet ;
MPRINT(EM_DIAGRAM):   PORT = '';
MPRINT(EM_DIAGRAM):   USE = '';
MPRINT(EM_DIAGRAM):   where role in( "RAW" "TRAIN" "DOCUMENT" ) and EXPORT = 'Y' ;
MPRINT(EM_DIAGRAM):   run;
MPRINT(EM_DIAGRAM):    filename _emtool_ 'E:\uncc_Surbhi\SUMMER17\ABA\Project\ClientManagement\HireHeroesPredictive\Workspaces\EMWS1\Part\PROPERTIES.xml' encoding="UTF-8" NOBOM;
12263      %let _HPDMGRIDHOST=;
12264      %let _HPDMGRIDINSTALLLOC=;
12265      %let _HPDMGRIDDATASERVER=;
12266      %hpdm_gridSetOPtions;
MPRINT(EM_DIAGRAM):   
MPRINT(HPDM_GRIDSETOPTIONS):   data _null_;
MPRINT(HPDM_GRIDSETOPTIONS):   length optionString string $2000;
MPRINT(HPDM_GRIDSETOPTIONS):   optionString = reverse(getoption('SET'));
MPRINT(HPDM_GRIDSETOPTIONS):   index = index(optionString, reverse('GRIDHOST'));
MPRINT(HPDM_GRIDSETOPTIONS):   if index then do;
MPRINT(HPDM_GRIDSETOPTIONS):   string = reverse(substr(optionString, 1, index-4));
MPRINT(HPDM_GRIDSETOPTIONS):   host = '"'!!strip(tranwrd(scan(string, 1, ']'), '"', ''))!!'"';
MPRINT(HPDM_GRIDSETOPTIONS):   call symput('_HPDMGRIDHOST', strip(host));
MPRINT(HPDM_GRIDSETOPTIONS):   end;
MPRINT(HPDM_GRIDSETOPTIONS):   index = index(optionString, reverse('GRIDINSTALLLOC'));
MPRINT(HPDM_GRIDSETOPTIONS):   if index then do;
MPRINT(HPDM_GRIDSETOPTIONS):   string = reverse(substr(optionString, 1, index-4));
MPRINT(HPDM_GRIDSETOPTIONS):   install = '"'!!strip(tranwrd(scan(string, 1, ']'), '"', ''))!!'"';
MPRINT(HPDM_GRIDSETOPTIONS):   call symput('_HPDMGRIDINSTALLLOC', strip(install));
MPRINT(HPDM_GRIDSETOPTIONS):   end;
MPRINT(HPDM_GRIDSETOPTIONS):   index = index(optionString, reverse('GRIDDATASERVER'));
MPRINT(HPDM_GRIDSETOPTIONS):   if index then do;
MPRINT(HPDM_GRIDSETOPTIONS):   string = reverse(substr(optionString, 1, index-4));
MPRINT(HPDM_GRIDSETOPTIONS):   server = '"'!!strip(tranwrd(scan(string, 1, ']'), '"', ''))!!'"';
MPRINT(HPDM_GRIDSETOPTIONS):   call symput('_HPDMGRIDDATASERVER', strip(server));
MPRINT(HPDM_GRIDSETOPTIONS):   end;
MPRINT(HPDM_GRIDSETOPTIONS):   run;

NOTE: DATA statement used (Total process time):
      real time           0.01 seconds
      cpu time            0.00 seconds
      

MPRINT(EM_DIAGRAM):  ;

*------------------------------------------------------------* 
* 
* Part : End update 
* datetime : 14JUN2017:14:38:54 
* 
*------------------------------------------------------------* 
12267      %let _emdsep = \;
12268      %em_getactionstatus(emlib =EMWS1, nodeid=Part);
MPRINT(EM_DIAGRAM):   
MPRINT(EM_GETACTIONSTATUS):   proc display c=sashelp.emutil.getactionstatus.scl;
MPRINT(EM_GETACTIONSTATUS):   run;

12269      %let em_Train = N;
12270      %let em_Score = N;
12271      %let em_Report = N;
12272      %let em_Run = N;
NOTE: PROCEDURE DISPLAY used (Total process time):
      real time           0.01 seconds
      cpu time            0.01 seconds
      

MPRINT(EM_GETACTIONSTATUS):   
MPRINT(EM_DIAGRAM):  ;

12273      data _null_;
MPRINT(EM_DIAGRAM):    data _null_;
12274      file emwipmsg;
MPRINT(EM_DIAGRAM):   file emwipmsg;
12275      put '<Node Id="Part" Event="Complete" Pid="" Gridid=""/>';
MPRINT(EM_DIAGRAM):   put '<Node Id="Part" Event="Complete" Pid="" Gridid=""/>';
12276      run;
MPRINT(EM_DIAGRAM):   run;

NOTE: The file EMWIPMSG is:
      Local Host Name=Dell,
      Local Host IP addr=fe80::b185:4fb2:7410:6b7a%7,
      Peer Hostname Name=Dell,Peer IP addr=127.0.0.1,
      Peer Name=N/A,Peer Portno=61499,Lrecl=32767,
      Recfm=Variable

NOTE: 1 record was written to the file EMWIPMSG.
      The minimum record length was 51.
      The maximum record length was 51.
NOTE: DATA statement used (Total process time):
      real time           0.01 seconds
      cpu time            0.01 seconds
      

12277      data _null_;
MPRINT(EM_DIAGRAM):    data _null_;
12278      run;
MPRINT(EM_DIAGRAM):   run;

NOTE: DATA statement used (Total process time):
      real time           0.00 seconds
      cpu time            0.00 seconds
      

Node "Part" is up to date and doesn't need to run. 
traverser_readyNode_note 
12279      data _null_;
MPRINT(EM_DIAGRAM):    data _null_;
12280      file emwipmsg;
MPRINT(EM_DIAGRAM):   file emwipmsg;
12281      put '<Node Id="Impt" Event="Update" Pid="" Gridid=""/>';
MPRINT(EM_DIAGRAM):   put '<Node Id="Impt" Event="Update" Pid="" Gridid=""/>';
12282      run;
MPRINT(EM_DIAGRAM):   run;

NOTE: The file EMWIPMSG is:
      Local Host Name=Dell,
      Local Host IP addr=fe80::b185:4fb2:7410:6b7a%7,
      Peer Hostname Name=Dell,Peer IP addr=127.0.0.1,
      Peer Name=N/A,Peer Portno=61499,Lrecl=32767,
      Recfm=Variable

NOTE: 1 record was written to the file EMWIPMSG.
      The minimum record length was 49.
      The maximum record length was 49.
NOTE: DATA statement used (Total process time):
      real time           0.01 seconds
      cpu time            0.01 seconds
      

12283      %let emloopmode =;
*------------------------------------------------------------* 
* 
* Impt : Beginning update before running 
* datetime : 14JUN2017:14:38:54 
* 
*------------------------------------------------------------* 
MPRINT(EM_DIAGRAM):     data WORK.Impt_FILTERSET;
MPRINT(EM_DIAGRAM):   length PORT $32 USE $1;
MPRINT(EM_DIAGRAM):   DROP DELTACODE APPLYDELTA APPLYSCORE IMPORTPORT;
MPRINT(EM_DIAGRAM):   set EMWS1.Part_exportSet ;
MPRINT(EM_DIAGRAM):   PORT = '';
MPRINT(EM_DIAGRAM):   USE = '';
MPRINT(EM_DIAGRAM):   where role in( "RAW" "TRAIN" "VALIDATE" "TEST" ) and EXPORT = 'Y' ;
MPRINT(EM_DIAGRAM):   run;
NOTE: This SAS session is using a registry in WORK.  All changes will be lost at the end of this session.
12302      data _null_;
MPRINT(EM_DIAGRAM):    data _null_;
12303      set EMWS1.Part_CMeta_TRAIN (obs=1);
MPRINT(EM_DIAGRAM):   set EMWS1.Part_CMeta_TRAIN (obs=1);
12304      run;
MPRINT(EM_DIAGRAM):   run;

NOTE: There were 1 observations read from the data set EMWS1.PART_CMETA_TRAIN.
NOTE: DATA statement used (Total process time):
      real time           0.00 seconds
      cpu time            0.01 seconds
      

12305      data _null_;
MPRINT(EM_DIAGRAM):    data _null_;
12306      set EMWS1.Part_CMeta_TRAIN (obs=1);
MPRINT(EM_DIAGRAM):   set EMWS1.Part_CMeta_TRAIN (obs=1);
12307      run;
MPRINT(EM_DIAGRAM):   run;

NOTE: There were 1 observations read from the data set EMWS1.PART_CMETA_TRAIN.
NOTE: DATA statement used (Total process time):
      real time           0.01 seconds
      cpu time            0.01 seconds
      

12308      *------------------------------------------------------------*;
MPRINT(EM_DIAGRAM):    *------------------------------------------------------------*;
12309      * Impt: Update Variables Set;
MPRINT(EM_DIAGRAM):   * Impt: Update Variables Set;
12310      *------------------------------------------------------------*;
MPRINT(EM_DIAGRAM):   *------------------------------------------------------------*;

12311      data EMWS1.Impt_VariableSet;
MPRINT(EM_DIAGRAM):    data EMWS1.Impt_VariableSet;
12312      length USE $1;
MPRINT(EM_DIAGRAM):   length USE $1;
12313      label USE = "Use";
MPRINT(EM_DIAGRAM):   label USE = "Use";
12314      length METHOD $12;
MPRINT(EM_DIAGRAM):   length METHOD $12;
12315      length USETREE $1;
MPRINT(EM_DIAGRAM):   length USETREE $1;
12316      set EMWS1.Part_CMeta_TRAIN;
MPRINT(EM_DIAGRAM):   set EMWS1.Part_CMeta_TRAIN;
12317      where(ROLE in("TARGET" "INPUT" "REJECTED" "FREQ"));
MPRINT(EM_DIAGRAM):   where(ROLE in("TARGET" "INPUT" "REJECTED" "FREQ"));
12318      run;
MPRINT(EM_DIAGRAM):   run;

NOTE: Variable USE is uninitialized.
NOTE: Variable METHOD is uninitialized.
NOTE: Variable USETREE is uninitialized.
NOTE: There were 59 observations read from the data set EMWS1.PART_CMETA_TRAIN.
      WHERE ROLE in ('FREQ', 'INPUT', 'REJECTED', 'TARGET');
NOTE: The data set EMWS1.IMPT_VARIABLESET has 59 observations and 23 variables.
NOTE: DATA statement used (Total process time):
      real time           0.02 seconds
      cpu time            0.01 seconds
      

12319      * Impt: End of Update Variables Set;
MPRINT(EM_DIAGRAM):    * Impt: End of Update Variables Set;
12320      *------------------------------------------------------------*;
MPRINT(EM_DIAGRAM):   *------------------------------------------------------------*;

MPRINT(EM_DIAGRAM):    filename _emtool_ 'E:\uncc_Surbhi\SUMMER17\ABA\Project\ClientManagement\HireHeroesPredictive\Workspaces\EMWS1\Impt\PROPERTIES.xml' encoding="UTF-8" NOBOM;
12322      %let _HPDMGRIDHOST=;
12323      %let _HPDMGRIDINSTALLLOC=;
12324      %let _HPDMGRIDDATASERVER=;
12325      %hpdm_gridSetOPtions;
MPRINT(EM_DIAGRAM):   
MPRINT(HPDM_GRIDSETOPTIONS):   data _null_;
MPRINT(HPDM_GRIDSETOPTIONS):   length optionString string $2000;
MPRINT(HPDM_GRIDSETOPTIONS):   optionString = reverse(getoption('SET'));
MPRINT(HPDM_GRIDSETOPTIONS):   index = index(optionString, reverse('GRIDHOST'));
MPRINT(HPDM_GRIDSETOPTIONS):   if index then do;
MPRINT(HPDM_GRIDSETOPTIONS):   string = reverse(substr(optionString, 1, index-4));
MPRINT(HPDM_GRIDSETOPTIONS):   host = '"'!!strip(tranwrd(scan(string, 1, ']'), '"', ''))!!'"';
MPRINT(HPDM_GRIDSETOPTIONS):   call symput('_HPDMGRIDHOST', strip(host));
MPRINT(HPDM_GRIDSETOPTIONS):   end;
MPRINT(HPDM_GRIDSETOPTIONS):   index = index(optionString, reverse('GRIDINSTALLLOC'));
MPRINT(HPDM_GRIDSETOPTIONS):   if index then do;
MPRINT(HPDM_GRIDSETOPTIONS):   string = reverse(substr(optionString, 1, index-4));
MPRINT(HPDM_GRIDSETOPTIONS):   install = '"'!!strip(tranwrd(scan(string, 1, ']'), '"', ''))!!'"';
MPRINT(HPDM_GRIDSETOPTIONS):   call symput('_HPDMGRIDINSTALLLOC', strip(install));
MPRINT(HPDM_GRIDSETOPTIONS):   end;
MPRINT(HPDM_GRIDSETOPTIONS):   index = index(optionString, reverse('GRIDDATASERVER'));
MPRINT(HPDM_GRIDSETOPTIONS):   if index then do;
MPRINT(HPDM_GRIDSETOPTIONS):   string = reverse(substr(optionString, 1, index-4));
MPRINT(HPDM_GRIDSETOPTIONS):   server = '"'!!strip(tranwrd(scan(string, 1, ']'), '"', ''))!!'"';
MPRINT(HPDM_GRIDSETOPTIONS):   call symput('_HPDMGRIDDATASERVER', strip(server));
MPRINT(HPDM_GRIDSETOPTIONS):   end;
MPRINT(HPDM_GRIDSETOPTIONS):   run;

NOTE: DATA statement used (Total process time):
      real time           0.01 seconds
      cpu time            0.01 seconds
      

MPRINT(EM_DIAGRAM):  ;

*------------------------------------------------------------* 
* 
* Impt : End update 
* datetime : 14JUN2017:14:38:55 
* 
*------------------------------------------------------------* 
12326      %let _emdsep = \;
12327      %em_getactionstatus(emlib =EMWS1, nodeid=Impt);
MPRINT(EM_DIAGRAM):   
MPRINT(EM_GETACTIONSTATUS):   proc display c=sashelp.emutil.getactionstatus.scl;
MPRINT(EM_GETACTIONSTATUS):   run;

12328      %let em_Train = Y;
12329      %let em_Report = Y;
12330      %let em_Score = Y;
12331      %let em_Run = Y;
NOTE: PROCEDURE DISPLAY used (Total process time):
      real time           0.00 seconds
      cpu time            0.01 seconds
      

MPRINT(EM_GETACTIONSTATUS):   
MPRINT(EM_DIAGRAM):  ;

12332      data _null_;
MPRINT(EM_DIAGRAM):    data _null_;
12333      file emwipmsg;
MPRINT(EM_DIAGRAM):   file emwipmsg;
12334      put '<Node Id="Impt" Event="Run" Pid="" Gridid=""/>';
MPRINT(EM_DIAGRAM):   put '<Node Id="Impt" Event="Run" Pid="" Gridid=""/>';
12335      run;
MPRINT(EM_DIAGRAM):   run;

NOTE: The file EMWIPMSG is:
      Local Host Name=Dell,
      Local Host IP addr=fe80::b185:4fb2:7410:6b7a%7,
      Peer Hostname Name=Dell,Peer IP addr=127.0.0.1,
      Peer Name=N/A,Peer Portno=61499,Lrecl=32767,
      Recfm=Variable

NOTE: 1 record was written to the file EMWIPMSG.
      The minimum record length was 46.
      The maximum record length was 46.
NOTE: DATA statement used (Total process time):
      real time           0.01 seconds
      cpu time            0.01 seconds
      

12336      options sascmd="!sascmdv -nosyntaxcheck -noasynchio -noobjectserver";
MPRINT(EM_DIAGRAM):    options sascmd="!sascmdv -nosyntaxcheck -noasynchio -noobjectserver";
12337      %let SYSCC=0;
12338      signon C36VJ501 macvar=C36VJ501;
MPRINT(EM_DIAGRAM):   signon macvar=C36VJ501;
WARNING: TCP Access method tracing is enabled.
NOTE: Default SASCMD value being used is: "C:\Program Files\SASHome\SASFoundation\9.4\SAS.EXE" -nologo -noterminal -noxcmd -objectserver -objectserverparms "protocol=bridge dnsname=127.0.0.1 jcbp=61500" -sspi -secpackage NTLM  -xcmd.
NOTE: Remote signon to C36VJ501 commencing (SAS Release 9.04.01M3P062415).
NOTE: Unable to open SASUSER.PROFILE. WORK.PROFILE will be opened instead.
NOTE: All profile changes will be lost at the end of the session.
NOTE: Copyright (c) 2002-2012 by SAS Institute Inc., Cary, NC, USA. 
NOTE: SAS (r) Proprietary Software 9.4 (TS1M3) 
      Licensed to UNIVERSITY OF NORTH CAROLINA CHARLOTTE - SFA T&R, Site 70080897.
NOTE: This session is executing on the X64_8PRO  platform.



NOTE: Updated analytical products:
      
      SAS/STAT 14.1
      SAS/ETS 14.1
      SAS/OR 14.1
      SAS/IML 14.1
      SAS/QC 14.1

NOTE: Additional host information:

 X64_8PRO WIN 6.2.9200  Workstation

NOTE: SAS initialization used:
      real time           0.87 seconds
      cpu time            0.73 seconds
      
NOTE: Remote signon to C36VJ501 complete.
12339      rsubmit C36VJ501 wait=N persist=N  ;
MPRINT(EM_DIAGRAM):    rsubmit wait=N persist=N ;
The SAS System

NOTE: Background remote submit to C36VJ501 in progress.
NOTE: Remote submit to C36VJ501 commencing.
MPRINT(EM_DIAGRAM):   %global emexceptionstring emloopmode emloopnumber;
MPRINT(EM_DIAGRAM):   %let EMUSERID = %bquote(Nikhil);
MPRINT(EM_DIAGRAM):   %let EMLDSPATH = %nrstr(E:\uncc_Surbhi\SUMMER17\ABA\Project\ClientManagement\HireHeroesPredictive\DataSources);
MPRINT(EM_DIAGRAM):   %let EMFLOWMODE = Y;
MPRINT(EM_DIAGRAM):   %let EMONODE = %bquote(Impt);
MPRINT(EM_DIAGRAM):   %let EMPATH = %nrstr(E:\uncc_Surbhi\SUMMER17\ABA\Project\ClientManagement\HireHeroesPredictive\Workspaces\EMWS1);
MPRINT(EM_DIAGRAM):   %let EMWS = EMWS1;
MPRINT(EM_DIAGRAM):   %let EMNODECLASS = SASHELP.EMMDFY.EMIMPUTE.CLASS;
MPRINT(EM_DIAGRAM):   %let EMSTATUSDIR = %nrstr(E:\uncc_Surbhi\SUMMER17\ABA\Project\ClientManagement\HireHeroesPredictive\Workspaces\EMWS1\System);
MPRINT(EM_DIAGRAM):   %let EM_DEBUG =;
MPRINT(EM_DIAGRAM):   %let EMPROJECTCODE = %nrstr(E:\uncc_Surbhi\SUMMER17\ABA\Project\ClientManagement\HireHeroesPredictive\System\STARTUP.sas);
MPRINT(EM_DIAGRAM):   %let EMSERVERCODE = %nrstr();
MPRINT(EM_DIAGRAM):   %let EM_USERID = %bquote(Nikhil);
MPRINT(EM_DIAGRAM):   %let EM_METAHOST =;
MPRINT(EM_DIAGRAM):   %let EM_METAPORT =;
MPRINT(EM_DIAGRAM):   %let EM_JAVAPACKAGE = %bquote();
MPRINT(EM_DIAGRAM):   %let EMPROJECTPATH = %nrstr(E:\uncc_Surbhi\SUMMER17\ABA\Project\ClientManagement\HireHeroesPredictive);
MPRINT(EM_DIAGRAM):   %let EMPROJNAME = %nrstr(HireHeroesPredictive);
MPRINT(EM_DIAGRAM):   %let EMPROJPATH = %nrstr(E:\uncc_Surbhi\SUMMER17\ABA\Project\ClientManagement);
MPRINT(EM_DIAGRAM):   %let em_Train = Y;
MPRINT(EM_DIAGRAM):   %let em_Score = Y;
MPRINT(EM_DIAGRAM):   %let em_Report = Y;
MPRINT(EM_DIAGRAM):   %let emloopmode =;
MPRINT(EM_DIAGRAM):   %let emloopnumber =0;
MPRINT(EM_DIAGRAM):   %let emloopId =Impt;
MPRINT(EM_DIAGRAM):   %let emexceptionstring=;
MPRINT(EM_DIAGRAM):   options VBUFSIZE= 64M;
MPRINT(EM_DIAGRAM):   %em5run();
MPRINT(EM_DIAGRAM):   %put &&emexceptionstring;
MPRINT(EM_DIAGRAM):   %sysrput emerror_Impt = &&emexceptionstring;
MPRINT(EM_DIAGRAM):   %put &&emloopmode;
MPRINT(EM_DIAGRAM):   %sysrput emloopmode_Impt = &&emloopmode;
MPRINT(EM_DIAGRAM):   endrsubmit;
12340      data _null_;
MPRINT(EM_DIAGRAM):    data _null_;
12341      file emwipmsg;
MPRINT(EM_DIAGRAM):   file emwipmsg;
12342      put '<Node Id="Impt" Event="Run" Pid=" " Gridid=""/>';
MPRINT(EM_DIAGRAM):   put '<Node Id="Impt" Event="Run" Pid=" " Gridid=""/>';
12343      run;
MPRINT(EM_DIAGRAM):   run;

NOTE: The file EMWIPMSG is:
      Local Host Name=Dell,
      Local Host IP addr=fe80::b185:4fb2:7410:6b7a%7,
      Peer Hostname Name=Dell,Peer IP addr=127.0.0.1,
      Peer Name=N/A,Peer Portno=61499,Lrecl=32767,
      Recfm=Variable

NOTE: 1 record was written to the file EMWIPMSG.
      The minimum record length was 47.
      The maximum record length was 47.
NOTE: DATA statement used (Total process time):
      real time           0.01 seconds
      cpu time            0.01 seconds
      

12344      data _null_;
MPRINT(EM_DIAGRAM):    data _null_;
12345      run;
MPRINT(EM_DIAGRAM):   run;

NOTE: DATA statement used (Total process time):
      real time           0.00 seconds
      cpu time            0.01 seconds
      

traverser_runingNode_note 
12346      data _null_;
MPRINT(EM_DIAGRAM):    data _null_;
12347      run;
MPRINT(EM_DIAGRAM):   run;

NOTE: DATA statement used (Total process time):
      real time           0.01 seconds
      cpu time            0.01 seconds
      

traverser_runingNode_note 
12348      data _null_;
MPRINT(EM_DIAGRAM):    data _null_;
12349      run;
MPRINT(EM_DIAGRAM):   run;

NOTE: DATA statement used (Total process time):
      real time           0.01 seconds
      cpu time            0.00 seconds
      

traverser_runingNode_note 
12350      data _null_;
MPRINT(EM_DIAGRAM):    data _null_;
12351      run;
MPRINT(EM_DIAGRAM):   run;

NOTE: DATA statement used (Total process time):
      real time           0.00 seconds
      cpu time            0.00 seconds
      

traverser_runingNode_note 
12352      data _null_;
MPRINT(EM_DIAGRAM):    data _null_;
12353      run;
MPRINT(EM_DIAGRAM):   run;

NOTE: DATA statement used (Total process time):
      real time           0.00 seconds
      cpu time            0.00 seconds
      

traverser_runingNode_note 
12354      data _null_;
MPRINT(EM_DIAGRAM):    data _null_;
12355      run;
MPRINT(EM_DIAGRAM):   run;

NOTE: DATA statement used (Total process time):
      real time           0.01 seconds
      cpu time            0.01 seconds
      

traverser_runingNode_note 
12356      data _null_;
MPRINT(EM_DIAGRAM):    data _null_;
12357      run;
MPRINT(EM_DIAGRAM):   run;

NOTE: DATA statement used (Total process time):
      real time           0.01 seconds
      cpu time            0.01 seconds
      

traverser_runingNode_note 
12358      data _null_;
MPRINT(EM_DIAGRAM):    data _null_;
12359      run;
MPRINT(EM_DIAGRAM):   run;

NOTE: DATA statement used (Total process time):
      real time           0.01 seconds
      cpu time            0.01 seconds
      

traverser_runingNode_note 
12360      data _null_;
MPRINT(EM_DIAGRAM):    data _null_;
12361      run;
MPRINT(EM_DIAGRAM):   run;

NOTE: DATA statement used (Total process time):
      real time           0.00 seconds
      cpu time            0.01 seconds
      

1     %global emexceptionstring emloopmode emloopnumber;
2     %let EMUSERID = %bquote(Nikhil);
3     %let EMLDSPATH = %nrstr(E:\uncc_Surbhi\SUMMER17\ABA\Project\ClientManagement\HireHeroesPredictive\DataSources);
4     %let EMFLOWMODE = Y;
5     %let EMONODE = %bquote(Impt);
6     %let EMPATH = %nrstr(E:\uncc_Surbhi\SUMMER17\ABA\Project\ClientManagement\HireHeroesPredictive\Workspaces\EMWS1);
7     %let EMWS = EMWS1;
8     %let EMNODECLASS = SASHELP.EMMDFY.EMIMPUTE.CLASS;
9     %let EMSTATUSDIR = %nrstr(E:\uncc_Surbhi\SUMMER17\ABA\Project\ClientManagement\HireHeroesPredictive\Workspaces\EMWS1\System);
10    %let EM_DEBUG =;
11    %let EMPROJECTCODE = %nrstr(E:\uncc_Surbhi\SUMMER17\ABA\Project\ClientManagement\HireHeroesPredictive\System\STARTUP.sas);
12    %let EMSERVERCODE = %nrstr();
13    %let EM_USERID = %bquote(Nikhil);
14    %let EM_METAHOST =;
15    %let EM_METAPORT =;
16    %let EM_JAVAPACKAGE = %bquote();
17    %let EMPROJECTPATH = %nrstr(E:\uncc_Surbhi\SUMMER17\ABA\Project\ClientManagement\HireHeroesPredictive);
18    %let EMPROJNAME = %nrstr(HireHeroesPredictive);
19    %let EMPROJPATH = %nrstr(E:\uncc_Surbhi\SUMMER17\ABA\Project\ClientManagement);
20    %let em_Train = Y;
21    %let em_Score = Y;
22    %let em_Report = Y;
23    %let emloopmode =;
24    %let emloopnumber =0;
25    %let emloopId =Impt;
26    %let emexceptionstring=;
27    options VBUFSIZE= 64M;
28    %em5run();

*------------------------------------------------------------* 
* 
* Impt : Running 
* datetime : 14JUN2017:14:38:58 
* 
*------------------------------------------------------------* 
6005   %let SYSCC =0;
6006   %let EMGROUPMODE =;
6007   %let EMGROUPID =;
11041  data EMWS1.Impt_EMTRAINVARIABLE;
11042  length NAME $64;
11043  set EMWS1.Impt_VariableSet;
11044  label NAME = "%sysfunc(sasmsg(sashelp.dmine, meta_name_vlabel, NOQUOTE))" ROLE = "%sysfunc(sasmsg(sashelp.dmine, meta_role_vlabel, NOQUOTE))" LEVEL = "%sysfunc(sasmsg(sashelp.dmine, meta_level_vlabel, NOQUOTE))" ORDER =
11045     "%sysfunc(sasmsg(sashelp.dmine, meta_order_vlabel, NOQUOTE))" LABEL = "%sysfunc(sasmsg(sashelp.dmine, meta_label_vlabel, NOQUOTE))";
11046  label USE = "%sysfunc(sasmsg(sashelp.dmine, META_USE_VLABEL, NOQUOTE))";
11047  label METHOD = "%sysfunc(sasmsg(sashelp.dmine, META_METHOD_VLABEL, NOQUOTE))";
11048  label USETREE = "%sysfunc(sasmsg(sashelp.dmine, META_USETREE_VLABEL, NOQUOTE))";
11049  drop lowerlimit upperlimit creator--type format--length;
11050  run;

NOTE: There were 59 observations read from the data set EMWS1.IMPT_VARIABLESET.
NOTE: The data set EMWS1.IMPT_EMTRAINVARIABLE has 59 observations and 8 variables.
NOTE: DATA statement used (Total process time):
      real time           0.04 seconds
      cpu time            0.03 seconds
      

*------------------------------------------------------------* 
* 
* Impt : End run 
* datetime : 14JUN2017:14:39:01 
* 
*------------------------------------------------------------* 
ERROR: Exception thrown.
exception.server.DMDBFACTORY.EXCEEDMAXLEVEL,512 in SASHELP.EMCORE.TOOLDRIVER.SCL at line 1038.
Program returning prematurely at line 224
AF Program: SASHELP.EMCORE.RUNNODEDETACH.SCL
NOTE: The PROCEDURE DISPLAY printed page 1.
NOTE: PROCEDURE DISPLAY used (Total process time):
      real time           4.34 seconds
      cpu time            2.84 seconds
      

11053   %put &&emexceptionstring;
exception.server.DMDBFACTORY.EXCEEDMAXLEVEL,512
11054   %sysrput emerror_Impt = &&emexceptionstring;
11055   %put &&emloopmode;
 
11056   %sysrput emloopmode_Impt = &&emloopmode;
NOTE: Remote submit to C36VJ501 complete.
NOTE: Remote signoff from C36VJ501 commencing.
NOTE: SAS Institute Inc., SAS Campus Drive, Cary, NC USA 27513-2414
NOTE: The SAS System used:
      real time           5.66 seconds
      cpu time            3.70 seconds
      
traverser_runingNode_note 
12362      data _null_;
MPRINT(EM_DIAGRAM):    data _null_;
12363      run;
MPRINT(EM_DIAGRAM):   run;

NOTE: DATA statement used (Total process time):
      real time           0.01 seconds
      cpu time            0.01 seconds
      

Node "Impt" ran. 
MPRINT(EM_DIAGRAM):    filename _emtool_ 'E:\uncc_Surbhi\SUMMER17\ABA\Project\ClientManagement\HireHeroesPredictive\Workspaces\EMWS1\Impt\TRAINPROPERTIES.xml' encoding="UTF-8" NOBOM;
Node "Impt" failed. 
12365      data _null_;
MPRINT(EM_DIAGRAM):    data _null_;
12366      file emwipmsg;
MPRINT(EM_DIAGRAM):   file emwipmsg;
12367      put '<Node Id="Impt" Event="Fail" Pid="3664" Gridid=""/>';
MPRINT(EM_DIAGRAM):   put '<Node Id="Impt" Event="Fail" Pid="3664" Gridid=""/>';
12368      run;
MPRINT(EM_DIAGRAM):   run;

NOTE: The file EMWIPMSG is:
      Local Host Name=Dell,
      Local Host IP addr=fe80::b185:4fb2:7410:6b7a%7,
      Peer Hostname Name=Dell,Peer IP addr=127.0.0.1,
      Peer Name=N/A,Peer Portno=61499,Lrecl=32767,
      Recfm=Variable

NOTE: 1 record was written to the file EMWIPMSG.
      The minimum record length was 51.
      The maximum record length was 51.
NOTE: DATA statement used (Total process time):
      real time           0.01 seconds
      cpu time            0.01 seconds
      

Traverser: Stop request received.  Halting the traversal. 
Traverser: Submitting KILLTASK _ALL_ 
NOTE: There are no active tasks/transactions.
12369      waitfor _all_ C36VJ501;
MPRINT(EM_DIAGRAM):    waitfor _all_ C36VJ501;
12370      signoff C36VJ501;
MPRINT(EM_DIAGRAM):   signoff;
NOTE: A link to C36VJ501 does not exist.  SIGNOFF is not necessary.
NOTE: There are no active tasks/transactions.
12371      KILLTASK _ALL_;
MPRINT(EM_DIAGRAM):   KILLTASK _ALL_;
Traverser: Finished KILLTASK calls 
Traverser: Run Completed 
12372      proc printto;
MPRINT(EM_DIAGRAM):    proc printto;
12373      run;
MPRINT(EM_DIAGRAM):   run;

